{"name": "Проверка совпадения паролей", "status": "failed", "statusDetails": {"message": "selene.core.exceptions.TimeoutException: Message: \n\nTimed out after 10s, while waiting for:\nbrowser.element(('xpath', \"//div[contains(text(),'введенные пароли не совпадают')]\")).is not visible\n\nReason: ConditionNotMatchedError: condition not matched\nScreenshot: file://C:\\Users\\Qasquad1\\.selene\\screenshots\\1684320964491\\1684320964492.png\nPageSource: file://C:\\Users\\Qasquad1\\.selene\\screenshots\\1684320964491\\1684320964492.html", "trace": "venv\\lib\\site-packages\\selene\\core\\wait.py:102: in for_\n    return fn(self._entity)\nvenv\\lib\\site-packages\\selene\\core\\condition.py:136: in __call__\n    return self._fn(*args, **kwargs)\nvenv\\lib\\site-packages\\selene\\core\\condition.py:74: in fn\n    raise ConditionNotMatchedError()  # todo: try to handle printing actual values here too...\nE   selene.core.exceptions.ConditionNotMatchedError: condition not matched\n\nDuring handling of the above exception, another exception occurred:\ntests\\test_login.py:133: in test_matching_password\n    page.registration_field_matching_password()\npages\\home.py:301: in registration_field_matching_password\n    self.wait_element_not_visible(self.message_error_password_miss_string)\npages\\base.py:61: in wait_element_not_visible\n    browser.s(locator).should_not(be.visible)\nvenv\\lib\\site-packages\\selene\\core\\entity.py:654: in should_not\n    return self.should(not_(condition), timeout)\nvenv\\lib\\site-packages\\selene\\core\\entity.py:540: in should\n    super().should(condition)\nvenv\\lib\\site-packages\\selene\\core\\entity.py:127: in should\n    self.wait.for_(condition)\nvenv\\lib\\site-packages\\selene\\core\\wait.py:125: in for_\n    raise self._hook_failure(failure)\nE   selene.core.exceptions.TimeoutException: Message: \nE   \nE   Timed out after 10s, while waiting for:\nE   browser.element(('xpath', \"//div[contains(text(),'введенные пароли не совпадают')]\")).is not visible\nE   \nE   Reason: ConditionNotMatchedError: condition not matched\nE   Screenshot: file://C:\\Users\\Qasquad1\\.selene\\screenshots\\1684320964491\\1684320964492.png\nE   PageSource: file://C:\\Users\\Qasquad1\\.selene\\screenshots\\1684320964491\\1684320964492.html"}, "steps": [{"name": "Нажать Аккаунт", "status": "passed", "start": 1684321022315, "stop": 1684321022368}, {"name": "Нажать Зарегистрироваться", "status": "passed", "start": 1684321022368, "stop": 1684321022513}, {"name": "Проверка соответсия паролей", "status": "failed", "statusDetails": {"message": "selene.core.exceptions.TimeoutException: Message: \n\nTimed out after 10s, while waiting for:\nbrowser.element(('xpath', \"//div[contains(text(),'введенные пароли не совпадают')]\")).is not visible\n\nReason: ConditionNotMatchedError: condition not matched\nScreenshot: file://C:\\Users\\Qasquad1\\.selene\\screenshots\\1684320964491\\1684320964492.png\nPageSource: file://C:\\Users\\Qasquad1\\.selene\\screenshots\\1684320964491\\1684320964492.html\n\n", "trace": "  File \"C:\\Users\\Qasquad1\\PycharmProjects\\lime-qa\\venv\\lib\\site-packages\\allure_commons\\_allure.py\", line 172, in impl\n    return func(*a, **kw)\n  File \"C:\\Users\\Qasquad1\\PycharmProjects\\lime-qa\\pages\\home.py\", line 301, in registration_field_matching_password\n    self.wait_element_not_visible(self.message_error_password_miss_string)\n  File \"C:\\Users\\Qasquad1\\PycharmProjects\\lime-qa\\venv\\lib\\site-packages\\allure_commons\\_allure.py\", line 172, in impl\n    return func(*a, **kw)\n  File \"C:\\Users\\Qasquad1\\PycharmProjects\\lime-qa\\pages\\base.py\", line 61, in wait_element_not_visible\n    browser.s(locator).should_not(be.visible)\n  File \"C:\\Users\\Qasquad1\\PycharmProjects\\lime-qa\\venv\\lib\\site-packages\\selene\\core\\entity.py\", line 654, in should_not\n    return self.should(not_(condition), timeout)\n  File \"C:\\Users\\Qasquad1\\PycharmProjects\\lime-qa\\venv\\lib\\site-packages\\selene\\core\\entity.py\", line 540, in should\n    super().should(condition)\n  File \"C:\\Users\\Qasquad1\\PycharmProjects\\lime-qa\\venv\\lib\\site-packages\\selene\\core\\entity.py\", line 127, in should\n    self.wait.for_(condition)\n  File \"C:\\Users\\Qasquad1\\PycharmProjects\\lime-qa\\venv\\lib\\site-packages\\selene\\core\\wait.py\", line 125, in for_\n    raise self._hook_failure(failure)\n"}, "steps": [{"name": "Заполнение поля '' текстом ''password''", "status": "passed", "parameters": [{"name": "element", "value": "<selene.core.entity.Element object at 0x00000122A616C670>"}, {"name": "text", "value": "'password'"}, {"name": "fieldName", "value": "''"}], "start": 1684321022514, "stop": 1684321022607}, {"name": "Заполнение поля '' текстом ''password2''", "status": "passed", "parameters": [{"name": "element", "value": "<selene.core.entity.Element object at 0x00000122A616C790>"}, {"name": "text", "value": "'password2'"}, {"name": "fieldName", "value": "''"}], "start": 1684321022607, "stop": 1684321022702}, {"name": "Взять текст из элемента ''Текст ошибки поля пароль не верный или текст отсутствует''", "status": "passed", "parameters": [{"name": "element", "value": "<selene.core.entity.Element object at 0x00000122A616EE50>"}, {"name": "allureText", "value": "'Текст ошибки поля пароль не верный или текст отсутствует'"}], "start": 1684321022737, "stop": 1684321022757}, {"name": "Заполнение поля '' текстом ''password''", "status": "passed", "parameters": [{"name": "element", "value": "<selene.core.entity.Element object at 0x00000122A616C670>"}, {"name": "text", "value": "'password'"}, {"name": "fieldName", "value": "''"}], "start": 1684321022757, "stop": 1684321022821}, {"name": "Заполнение поля '' текстом ''password''", "status": "passed", "parameters": [{"name": "element", "value": "<selene.core.entity.Element object at 0x00000122A616C790>"}, {"name": "text", "value": "'password'"}, {"name": "fieldName", "value": "''"}], "start": 1684321022821, "stop": 1684321022896}, {"name": "Проверка отсутсвия элемента", "status": "failed", "statusDetails": {"message": "selene.core.exceptions.TimeoutException: Message: \n\nTimed out after 10s, while waiting for:\nbrowser.element(('xpath', \"//div[contains(text(),'введенные пароли не совпадают')]\")).is not visible\n\nReason: ConditionNotMatchedError: condition not matched\nScreenshot: file://C:\\Users\\Qasquad1\\.selene\\screenshots\\1684320964491\\1684320964492.png\nPageSource: file://C:\\Users\\Qasquad1\\.selene\\screenshots\\1684320964491\\1684320964492.html\n\n", "trace": "  File \"C:\\Users\\Qasquad1\\PycharmProjects\\lime-qa\\venv\\lib\\site-packages\\allure_commons\\_allure.py\", line 172, in impl\n    return func(*a, **kw)\n  File \"C:\\Users\\Qasquad1\\PycharmProjects\\lime-qa\\pages\\base.py\", line 61, in wait_element_not_visible\n    browser.s(locator).should_not(be.visible)\n  File \"C:\\Users\\Qasquad1\\PycharmProjects\\lime-qa\\venv\\lib\\site-packages\\selene\\core\\entity.py\", line 654, in should_not\n    return self.should(not_(condition), timeout)\n  File \"C:\\Users\\Qasquad1\\PycharmProjects\\lime-qa\\venv\\lib\\site-packages\\selene\\core\\entity.py\", line 540, in should\n    super().should(condition)\n  File \"C:\\Users\\Qasquad1\\PycharmProjects\\lime-qa\\venv\\lib\\site-packages\\selene\\core\\entity.py\", line 127, in should\n    self.wait.for_(condition)\n  File \"C:\\Users\\Qasquad1\\PycharmProjects\\lime-qa\\venv\\lib\\site-packages\\selene\\core\\wait.py\", line 125, in for_\n    raise self._hook_failure(failure)\n"}, "parameters": [{"name": "locator", "value": "'//div[contains(text(),'введенные пароли не совпадают')]'"}], "start": 1684321027954, "stop": 1684321038440}], "start": 1684321022514, "stop": 1684321038442}], "attachments": [{"name": "Скринтшот", "source": "a3a3a9b9-abe9-4096-a78f-abcb2db3db02-attachment.png", "type": "image/png"}, {"name": "Логи консоли", "source": "6ac937da-ef75-439c-9775-3f446ecb49be-attachment.json", "type": "application/json"}, {"name": "log", "source": "6c15a5ba-ce02-41d0-b48f-1d69d1c1707c-attachment.txt", "type": "text/plain"}], "start": 1684321022315, "stop": 1684321038442, "uuid": "2d2ab7c0-9794-48fa-ad31-8689dec30158", "historyId": "7b113410a51b93608331bf1b1213b3e7", "testCaseId": "f1a0c1cafd661e25a71384e534983515", "fullName": "tests.test_login.TestLogin#test_matching_password", "labels": [{"name": "feature", "value": "Тесты логина"}, {"name": "tag", "value": "@pytest.mark.usefixtures('setup')"}, {"name": "parentSuite", "value": "tests"}, {"name": "suite", "value": "test_login"}, {"name": "subSuite", "value": "TestLogin"}, {"name": "host", "value": "DESKTOP-VLT8PU4"}, {"name": "thread", "value": "8372-MainThread"}, {"name": "framework", "value": "pytest"}, {"name": "language", "value": "cpython3"}, {"name": "package", "value": "tests.test_login"}]}